<?xml version="1.0" encoding="UTF-8"?>
<!-- Generated by org.testng.reporters.JUnitReportReporter -->
<testsuite skipped="0" hostname="DESKTOP-BPUDIPS" name="com.sg.driver.DriverScript" tests="3" failures="0" timestamp="2022-05-13T11:38:49 IST" time="46.269" errors="0">
  <testcase name="runTestScripts" time="29.797" classname="com.sg.driver.DriverScript"/>
  <system-out/>
  <testcase name="runTestScripts" time="5.460" classname="com.sg.driver.DriverScript"/>
  <system-out/>
  <testcase name="runTestScripts" time="11.012" classname="com.sg.driver.DriverScript"/>
  <system-out/>
</testsuite> <!-- com.sg.driver.DriverScript -->
