<?xml version="1.0" encoding="UTF-8"?>
<!-- Generated by org.testng.reporters.JUnitReportReporter -->
<testsuite skipped="0" hostname="DESKTOP-BPUDIPS" name="com.sg.driver.DriverScript" tests="3" failures="0" timestamp="2022-05-14T13:50:29 IST" time="40.779" errors="0">
  <testcase name="runTestScripts" time="10.395" classname="com.sg.driver.DriverScript"/>
  <system-out/>
  <testcase name="runTestScripts" time="24.653" classname="com.sg.driver.DriverScript"/>
  <system-out/>
  <testcase name="runTestScripts" time="5.731" classname="com.sg.driver.DriverScript"/>
  <system-out/>
</testsuite> <!-- com.sg.driver.DriverScript -->
